<?xml version="1.0" encoding="UTF-8"?>
<coverage generated="1681255409904" clover="3.2.0">
  <project timestamp="1681255409904" name="All files">
    <metrics statements="25" coveredstatements="25" conditionals="3" coveredconditionals="3" methods="5" coveredmethods="5" elements="33" coveredelements="33" complexity="0" loc="25" ncloc="25" packages="2" files="3" classes="3"/>
    <package name="application.usecase">
      <metrics statements="10" coveredstatements="10" conditionals="1" coveredconditionals="1" methods="2" coveredmethods="2"/>
      <file name="CaculateFreight.ts" path="C:\Users\kassi\OneDrive\Documentos\My Personal\branas-course\kassio-commerce\backend\delivery\src\application\usecase\CaculateFreight.ts">
        <metrics statements="10" coveredstatements="10" conditionals="1" coveredconditionals="1" methods="2" coveredmethods="2"/>
        <line num="1" count="1" type="stmt"/>
        <line num="2" count="1" type="stmt"/>
        <line num="4" count="1" type="stmt"/>
        <line num="8" count="1" type="stmt"/>
        <line num="11" count="1" type="cond" truecount="1" falsecount="0"/>
        <line num="12" count="1" type="stmt"/>
        <line num="13" count="1" type="stmt"/>
        <line num="20" count="1" type="stmt"/>
        <line num="24" count="1" type="stmt"/>
        <line num="27" count="1" type="stmt"/>
      </file>
    </package>
    <package name="domain.entities">
      <metrics statements="15" coveredstatements="15" conditionals="2" coveredconditionals="2" methods="3" coveredmethods="3"/>
      <file name="FreightCalculator.ts" path="C:\Users\kassi\OneDrive\Documentos\My Personal\branas-course\kassio-commerce\backend\delivery\src\domain\entities\FreightCalculator.ts">
        <metrics statements="8" coveredstatements="8" conditionals="2" coveredconditionals="2" methods="1" coveredmethods="1"/>
        <line num="5" count="2" type="stmt"/>
        <line num="7" count="4" type="stmt"/>
        <line num="8" count="4" type="stmt"/>
        <line num="9" count="4" type="stmt"/>
        <line num="10" count="4" type="stmt"/>
        <line num="11" count="4" type="cond" truecount="1" falsecount="0"/>
        <line num="12" count="1" type="stmt"/>
        <line num="14" count="3" type="stmt"/>
      </file>
      <file name="Product.ts" path="C:\Users\kassi\OneDrive\Documentos\My Personal\branas-course\kassio-commerce\backend\delivery\src\domain\entities\Product.ts">
        <metrics statements="7" coveredstatements="7" conditionals="0" coveredconditionals="0" methods="2" coveredmethods="2"/>
        <line num="3" count="2" type="stmt"/>
        <line num="14" count="4" type="stmt"/>
        <line num="15" count="4" type="stmt"/>
        <line num="16" count="4" type="stmt"/>
        <line num="17" count="4" type="stmt"/>
        <line num="18" count="4" type="stmt"/>
        <line num="22" count="4" type="stmt"/>
      </file>
    </package>
  </project>
</coverage>
