{"C:\\Users\\kassi\\OneDrive\\Documentos\\My Personal\\branas-course\\kassio-commerce\\backend\\delivery\\src\\application\\usecase\\CaculateFreight.ts": {"path":"C:\\Users\\kassi\\OneDrive\\Documentos\\My Personal\\branas-course\\kassio-commerce\\backend\\delivery\\src\\application\\usecase\\CaculateFreight.ts","statementMap":{"0":{"start":{"line":1,"column":0},"end":{"line":1,"column":72}},"1":{"start":{"line":2,"column":0},"end":{"line":2,"column":52}},"2":{"start":{"line":8,"column":31},"end":{"line":10,"column":10}},"3":{"start":{"line":11,"column":8},"end":{"line":26,"column":null}},"4":{"start":{"line":12,"column":12},"end":{"line":25,"column":null}},"5":{"start":{"line":13,"column":32},"end":{"line":19,"column":18}},"6":{"start":{"line":20,"column":36},"end":{"line":22,"column":null}},"7":{"start":{"line":24,"column":16},"end":{"line":24,"column":46}},"8":{"start":{"line":27,"column":8},"end":{"line":27,"column":22}},"9":{"start":{"line":4,"column":0},"end":{"line":4,"column":21}}},"fnMap":{"0":{"name":"(anonymous_8)","decl":{"start":{"line":5,"column":4},"end":{"line":5,"column":19}},"loc":{"start":{"line":5,"column":4},"end":{"line":5,"column":20}}},"1":{"name":"(anonymous_9)","decl":{"start":{"line":7,"column":10},"end":{"line":7,"column":17}},"loc":{"start":{"line":7,"column":30},"end":{"line":28,"column":null}}}},"branchMap":{"0":{"loc":{"start":{"line":11,"column":8},"end":{"line":26,"column":null}},"type":"if","locations":[{"start":{"line":11,"column":8},"end":{"line":26,"column":null}}]}},"s":{"0":1,"1":1,"2":1,"3":1,"4":1,"5":1,"6":1,"7":1,"8":1,"9":1},"f":{"0":1,"1":1},"b":{"0":[1]}}
,"C:\\Users\\kassi\\OneDrive\\Documentos\\My Personal\\branas-course\\kassio-commerce\\backend\\delivery\\src\\domain\\entities\\FreightCalculator.ts": {"path":"C:\\Users\\kassi\\OneDrive\\Documentos\\My Personal\\branas-course\\kassio-commerce\\backend\\delivery\\src\\domain\\entities\\FreightCalculator.ts","statementMap":{"0":{"start":{"line":7,"column":17},"end":{"line":7,"column":36}},"1":{"start":{"line":8,"column":18},"end":{"line":8,"column":39}},"2":{"start":{"line":9,"column":22},"end":{"line":9,"column":51}},"3":{"start":{"line":10,"column":21},"end":{"line":10,"column":43}},"4":{"start":{"line":11,"column":2},"end":{"line":13,"column":null}},"5":{"start":{"line":12,"column":3},"end":{"line":12,"column":null}},"6":{"start":{"line":14,"column":2},"end":{"line":14,"column":22}},"7":{"start":{"line":5,"column":0},"end":{"line":5,"column":21}}},"fnMap":{"0":{"name":"(anonymous_0)","decl":{"start":{"line":6,"column":1},"end":{"line":6,"column":7}},"loc":{"start":{"line":6,"column":58},"end":{"line":15,"column":2}}}},"branchMap":{"0":{"loc":{"start":{"line":6,"column":37},"end":{"line":6,"column":58}},"type":"default-arg","locations":[{"start":{"line":6,"column":57},"end":{"line":6,"column":58}}]},"1":{"loc":{"start":{"line":11,"column":2},"end":{"line":13,"column":null}},"type":"if","locations":[{"start":{"line":11,"column":2},"end":{"line":13,"column":null}}]}},"s":{"0":4,"1":4,"2":4,"3":4,"4":4,"5":1,"6":3,"7":2},"f":{"0":4},"b":{"0":[2],"1":[1]}}
,"C:\\Users\\kassi\\OneDrive\\Documentos\\My Personal\\branas-course\\kassio-commerce\\backend\\delivery\\src\\domain\\entities\\Product.ts": {"path":"C:\\Users\\kassi\\OneDrive\\Documentos\\My Personal\\branas-course\\kassio-commerce\\backend\\delivery\\src\\domain\\entities\\Product.ts","statementMap":{"0":{"start":{"line":14,"column":8},"end":{"line":14,"column":21}},"1":{"start":{"line":15,"column":8},"end":{"line":15,"column":27}},"2":{"start":{"line":16,"column":8},"end":{"line":16,"column":29}},"3":{"start":{"line":17,"column":8},"end":{"line":17,"column":29}},"4":{"start":{"line":18,"column":8},"end":{"line":18,"column":29}},"5":{"start":{"line":22,"column":2},"end":{"line":22,"column":60}},"6":{"start":{"line":3,"column":0},"end":{"line":3,"column":21}}},"fnMap":{"0":{"name":"(anonymous_0)","decl":{"start":{"line":11,"column":4},"end":{"line":11,"column":16}},"loc":{"start":{"line":13,"column":9},"end":{"line":19,"column":5}}},"1":{"name":"(anonymous_1)","decl":{"start":{"line":21,"column":4},"end":{"line":21,"column":13}},"loc":{"start":{"line":21,"column":13},"end":{"line":23,"column":2}}}},"branchMap":{},"s":{"0":4,"1":4,"2":4,"3":4,"4":4,"5":4,"6":2},"f":{"0":4,"1":4},"b":{}}
}
