<?xml version="1.0" encoding="UTF-8"?>
<coverage generated="1681255360637" clover="3.2.0">
  <project timestamp="1681255360637" name="All files">
    <metrics statements="160" coveredstatements="128" conditionals="33" coveredconditionals="21" methods="55" coveredmethods="40" elements="248" coveredelements="189" complexity="0" loc="160" ncloc="160" packages="5" files="16" classes="16"/>
    <package name="application.usecase">
      <metrics statements="41" coveredstatements="36" conditionals="8" coveredconditionals="3" methods="6" coveredmethods="6"/>
      <file name="Checkout.ts" path="C:\Users\kassi\OneDrive\Documentos\My Personal\branas-course\kassio-commerce\backend\checkout\src\application\usecase\Checkout.ts">
        <metrics statements="32" coveredstatements="27" conditionals="8" coveredconditionals="3" methods="2" coveredmethods="2"/>
        <line num="5" count="1" type="stmt"/>
        <line num="6" count="1" type="stmt"/>
        <line num="10" count="1" type="stmt"/>
        <line num="13" count="2" type="stmt"/>
        <line num="14" count="2" type="stmt"/>
        <line num="15" count="2" type="stmt"/>
        <line num="16" count="2" type="stmt"/>
        <line num="17" count="2" type="stmt"/>
        <line num="18" count="2" type="stmt"/>
        <line num="19" count="2" type="cond" truecount="1" falsecount="0"/>
        <line num="24" count="2" type="stmt"/>
        <line num="25" count="2" type="stmt"/>
        <line num="26" count="2" type="stmt"/>
        <line num="27" count="2" type="stmt"/>
        <line num="28" count="2" type="stmt"/>
        <line num="29" count="2" type="cond" truecount="1" falsecount="0"/>
        <line num="30" count="2" type="stmt"/>
        <line num="31" count="1" type="stmt"/>
        <line num="32" count="1" type="stmt"/>
        <line num="33" count="1" type="stmt"/>
        <line num="43" count="2" type="stmt"/>
        <line num="44" count="2" type="stmt"/>
        <line num="45" count="2" type="cond" truecount="1" falsecount="2"/>
        <line num="46" count="0" type="stmt"/>
        <line num="49" count="2" type="cond" truecount="0" falsecount="1"/>
        <line num="50" count="0" type="stmt"/>
        <line num="51" count="0" type="cond" truecount="0" falsecount="2"/>
        <line num="52" count="0" type="stmt"/>
        <line num="54" count="0" type="stmt"/>
        <line num="57" count="2" type="stmt"/>
        <line num="58" count="2" type="stmt"/>
        <line num="59" count="2" type="stmt"/>
      </file>
      <file name="GetOrder.ts" path="C:\Users\kassi\OneDrive\Documentos\My Personal\branas-course\kassio-commerce\backend\checkout\src\application\usecase\GetOrder.ts">
        <metrics statements="5" coveredstatements="5" conditionals="0" coveredconditionals="0" methods="2" coveredmethods="2"/>
        <line num="5" count="1" type="stmt"/>
        <line num="8" count="1" type="stmt"/>
        <line num="13" count="1" type="stmt"/>
        <line num="14" count="1" type="stmt"/>
        <line num="19" count="1" type="stmt"/>
      </file>
      <file name="ValidateCoupon.ts" path="C:\Users\kassi\OneDrive\Documentos\My Personal\branas-course\kassio-commerce\backend\checkout\src\application\usecase\ValidateCoupon.ts">
        <metrics statements="4" coveredstatements="4" conditionals="0" coveredconditionals="0" methods="2" coveredmethods="2"/>
        <line num="3" count="1" type="stmt"/>
        <line num="8" count="2" type="stmt"/>
        <line num="13" count="2" type="stmt"/>
        <line num="14" count="2" type="stmt"/>
      </file>
    </package>
    <package name="domain.entities">
      <metrics statements="75" coveredstatements="71" conditionals="22" coveredconditionals="18" methods="28" coveredmethods="25"/>
      <file name="Coupon.ts" path="C:\Users\kassi\OneDrive\Documentos\My Personal\branas-course\kassio-commerce\backend\checkout\src\domain\entities\Coupon.ts">
        <metrics statements="4" coveredstatements="3" conditionals="0" coveredconditionals="0" methods="3" coveredmethods="2"/>
        <line num="1" count="3" type="stmt"/>
        <line num="3" count="3" type="stmt"/>
        <line num="7" count="2" type="stmt"/>
        <line num="11" count="0" type="stmt"/>
      </file>
      <file name="Cpf.ts" path="C:\Users\kassi\OneDrive\Documentos\My Personal\branas-course\kassio-commerce\backend\checkout\src\domain\entities\Cpf.ts">
        <metrics statements="21" coveredstatements="21" conditionals="7" coveredconditionals="4" methods="8" coveredmethods="8"/>
        <line num="1" count="4" type="stmt"/>
        <line num="2" count="14" type="stmt"/>
        <line num="3" count="14" type="cond" truecount="1" falsecount="0"/>
        <line num="7" count="28" type="stmt"/>
        <line num="8" count="28" type="stmt"/>
        <line num="9" count="308" type="cond" truecount="1" falsecount="0"/>
        <line num="11" count="28" type="stmt"/>
        <line num="12" count="28" type="cond" truecount="2" falsecount="0"/>
        <line num="16" count="14" type="stmt"/>
        <line num="20" count="14" type="stmt"/>
        <line num="24" count="36" type="stmt"/>
        <line num="28" count="14" type="stmt"/>
        <line num="32" count="14" type="cond" truecount="0" falsecount="1"/>
        <line num="33" count="14" type="stmt"/>
        <line num="34" count="14" type="cond" truecount="0" falsecount="1"/>
        <line num="35" count="14" type="cond" truecount="0" falsecount="1"/>
        <line num="36" count="14" type="stmt"/>
        <line num="37" count="14" type="stmt"/>
        <line num="38" count="14" type="stmt"/>
        <line num="39" count="14" type="stmt"/>
        <line num="40" count="14" type="stmt"/>
      </file>
      <file name="CurrencyTable.ts" path="C:\Users\kassi\OneDrive\Documentos\My Personal\branas-course\kassio-commerce\backend\checkout\src\domain\entities\CurrencyTable.ts">
        <metrics statements="4" coveredstatements="4" conditionals="0" coveredconditionals="0" methods="3" coveredmethods="3"/>
        <line num="1" count="4" type="stmt"/>
        <line num="5" count="14" type="stmt"/>
        <line num="11" count="3" type="stmt"/>
        <line num="15" count="8" type="stmt"/>
      </file>
      <file name="Item.ts" path="C:\Users\kassi\OneDrive\Documentos\My Personal\branas-course\kassio-commerce\backend\checkout\src\domain\entities\Item.ts">
        <metrics statements="5" coveredstatements="5" conditionals="0" coveredconditionals="0" methods="1" coveredmethods="1"/>
        <line num="1" count="4" type="stmt"/>
        <line num="3" count="11" type="stmt"/>
        <line num="4" count="11" type="stmt"/>
        <line num="5" count="11" type="stmt"/>
        <line num="6" count="11" type="stmt"/>
      </file>
      <file name="Order.ts" path="C:\Users\kassi\OneDrive\Documentos\My Personal\branas-course\kassio-commerce\backend\checkout\src\domain\entities\Order.ts">
        <metrics statements="26" coveredstatements="26" conditionals="11" coveredconditionals="11" methods="10" coveredmethods="10"/>
        <line num="1" count="4" type="stmt"/>
        <line num="3" count="4" type="stmt"/>
        <line num="4" count="4" type="stmt"/>
        <line num="7" count="4" type="stmt"/>
        <line num="8" count="14" type="stmt"/>
        <line num="16" count="14" type="cond" truecount="1" falsecount="0"/>
        <line num="18" count="14" type="stmt"/>
        <line num="19" count="14" type="stmt"/>
        <line num="21" count="14" type="stmt"/>
        <line num="22" count="13" type="cond" truecount="4" falsecount="0"/>
        <line num="23" count="13" type="stmt"/>
        <line num="27" count="13" type="cond" truecount="4" falsecount="0"/>
        <line num="31" count="1" type="stmt"/>
        <line num="37" count="3" type="stmt"/>
        <line num="38" count="9" type="stmt"/>
        <line num="50" count="3" type="cond" truecount="1" falsecount="0"/>
        <line num="51" count="2" type="stmt"/>
        <line num="57" count="7" type="stmt"/>
        <line num="59" count="7" type="stmt"/>
        <line num="60" count="8" type="stmt"/>
        <line num="65" count="7" type="cond" truecount="1" falsecount="0"/>
        <line num="66" count="1" type="stmt"/>
        <line num="67" count="1" type="stmt"/>
        <line num="70" count="7" type="stmt"/>
        <line num="74" count="1" type="stmt"/>
        <line num="78" count="2" type="stmt"/>
      </file>
      <file name="Product.ts" path="C:\Users\kassi\OneDrive\Documentos\My Personal\branas-course\kassio-commerce\backend\checkout\src\domain\entities\Product.ts">
        <metrics statements="15" coveredstatements="12" conditionals="4" coveredconditionals="3" methods="3" coveredmethods="1"/>
        <line num="1" count="2" type="stmt"/>
        <line num="3" count="2" type="stmt"/>
        <line num="22" count="12" type="cond" truecount="1" falsecount="1"/>
        <line num="23" count="12" type="stmt"/>
        <line num="25" count="0" type="stmt"/>
        <line num="27" count="12" type="stmt"/>
        <line num="28" count="12" type="stmt"/>
        <line num="29" count="12" type="stmt"/>
        <line num="30" count="12" type="stmt"/>
        <line num="31" count="12" type="stmt"/>
        <line num="32" count="12" type="stmt"/>
        <line num="33" count="12" type="stmt"/>
        <line num="34" count="12" type="cond" truecount="2" falsecount="0"/>
        <line num="38" count="0" type="stmt"/>
        <line num="42" count="0" type="stmt"/>
      </file>
    </package>
    <package name="infra.data">
      <metrics statements="2" coveredstatements="2" conditionals="0" coveredconditionals="0" methods="0" coveredmethods="0"/>
      <file name="data.ts" path="C:\Users\kassi\OneDrive\Documentos\My Personal\branas-course\kassio-commerce\backend\checkout\src\infra\data\data.ts">
        <metrics statements="2" coveredstatements="2" conditionals="0" coveredconditionals="0" methods="0" coveredmethods="0"/>
        <line num="1" count="3" type="stmt"/>
        <line num="3" count="3" type="stmt"/>
      </file>
    </package>
    <package name="infra.gateway">
      <metrics statements="19" coveredstatements="7" conditionals="1" coveredconditionals="0" methods="8" coveredmethods="4"/>
      <file name="CatalogGateway.ts" path="C:\Users\kassi\OneDrive\Documentos\My Personal\branas-course\kassio-commerce\backend\checkout\src\infra\gateway\CatalogGateway.ts">
        <metrics statements="11" coveredstatements="3" conditionals="0" coveredconditionals="0" methods="3" coveredmethods="1"/>
        <line num="1" count="1" type="stmt"/>
        <line num="3" count="1" type="stmt"/>
        <line num="5" count="1" type="stmt"/>
        <line num="10" count="0" type="stmt"/>
        <line num="11" count="0" type="stmt"/>
        <line num="12" count="0" type="stmt"/>
        <line num="13" count="0" type="stmt"/>
        <line num="23" count="0" type="stmt"/>
        <line num="27" count="0" type="stmt"/>
        <line num="28" count="0" type="stmt"/>
        <line num="37" count="0" type="stmt"/>
      </file>
      <file name="DeliveryGateway.ts" path="C:\Users\kassi\OneDrive\Documentos\My Personal\branas-course\kassio-commerce\backend\checkout\src\infra\gateway\DeliveryGateway.ts">
        <metrics statements="4" coveredstatements="2" conditionals="0" coveredconditionals="0" methods="2" coveredmethods="1"/>
        <line num="1" count="1" type="stmt"/>
        <line num="4" count="1" type="stmt"/>
        <line num="9" count="0" type="stmt"/>
        <line num="10" count="0" type="stmt"/>
      </file>
      <file name="currencyApiFake.ts" path="C:\Users\kassi\OneDrive\Documentos\My Personal\branas-course\kassio-commerce\backend\checkout\src\infra\gateway\currencyApiFake.ts">
        <metrics statements="4" coveredstatements="2" conditionals="1" coveredconditionals="0" methods="3" coveredmethods="2"/>
        <line num="3" count="1" type="stmt"/>
        <line num="8" count="1" type="stmt"/>
        <line num="11" count="0" type="cond" truecount="0" falsecount="1"/>
        <line num="13" count="0" type="stmt"/>
      </file>
    </package>
    <package name="infra.repository">
      <metrics statements="23" coveredstatements="12" conditionals="2" coveredconditionals="0" methods="13" coveredmethods="5"/>
      <file name="couponRepositoryFake.ts" path="C:\Users\kassi\OneDrive\Documentos\My Personal\branas-course\kassio-commerce\backend\checkout\src\infra\repository\couponRepositoryFake.ts">
        <metrics statements="7" coveredstatements="6" conditionals="1" coveredconditionals="0" methods="2" coveredmethods="2"/>
        <line num="2" count="2" type="stmt"/>
        <line num="3" count="2" type="stmt"/>
        <line num="6" count="2" type="stmt"/>
        <line num="8" count="3" type="stmt"/>
        <line num="9" count="2" type="cond" truecount="0" falsecount="1"/>
        <line num="10" count="0" type="stmt"/>
        <line num="12" count="2" type="stmt"/>
      </file>
      <file name="orderRepositoryFake.ts" path="C:\Users\kassi\OneDrive\Documentos\My Personal\branas-course\kassio-commerce\backend\checkout\src\infra\repository\orderRepositoryFake.ts">
        <metrics statements="3" coveredstatements="3" conditionals="0" coveredconditionals="0" methods="3" coveredmethods="2"/>
        <line num="2" count="2" type="stmt"/>
        <line num="5" count="2" type="stmt"/>
        <line num="10" count="2" type="stmt"/>
      </file>
      <file name="productRepositoryFake.ts" path="C:\Users\kassi\OneDrive\Documentos\My Personal\branas-course\kassio-commerce\backend\checkout\src\infra\repository\productRepositoryFake.ts">
        <metrics statements="13" coveredstatements="3" conditionals="1" coveredconditionals="0" methods="8" coveredmethods="1"/>
        <line num="2" count="1" type="stmt"/>
        <line num="3" count="1" type="stmt"/>
        <line num="5" count="1" type="stmt"/>
        <line num="10" count="0" type="stmt"/>
        <line num="11" count="0" type="stmt"/>
        <line num="15" count="0" type="stmt"/>
        <line num="16" count="0" type="stmt"/>
        <line num="20" count="0" type="stmt"/>
        <line num="21" count="0" type="cond" truecount="0" falsecount="1"/>
        <line num="22" count="0" type="stmt"/>
        <line num="24" count="0" type="stmt"/>
        <line num="28" count="0" type="stmt"/>
        <line num="40" count="0" type="stmt"/>
      </file>
    </package>
  </project>
</coverage>
