{"C:\\Users\\kassi\\OneDrive\\Documentos\\My Personal\\branas-course\\kassio-commerce\\backend\\checkout\\src\\application\\usecase\\Checkout.ts": {"path":"C:\\Users\\kassi\\OneDrive\\Documentos\\My Personal\\branas-course\\kassio-commerce\\backend\\checkout\\src\\application\\usecase\\Checkout.ts","statementMap":{"0":{"start":{"line":5,"column":0},"end":{"line":5,"column":48}},"1":{"start":{"line":6,"column":0},"end":{"line":6,"column":64}},"2":{"start":{"line":13,"column":11},"end":{"line":13,"column":44}},"3":{"start":{"line":14,"column":11},"end":{"line":14,"column":48}},"4":{"start":{"line":15,"column":11},"end":{"line":15,"column":46}},"5":{"start":{"line":16,"column":11},"end":{"line":16,"column":44}},"6":{"start":{"line":17,"column":11},"end":{"line":17,"column":44}},"7":{"start":{"line":18,"column":11},"end":{"line":18,"column":42}},"8":{"start":{"line":19,"column":11},"end":{"line":19,"column":27}},"9":{"start":{"line":24,"column":21},"end":{"line":24,"column":63}},"10":{"start":{"line":25,"column":2},"end":{"line":25,"column":56}},"11":{"start":{"line":26,"column":16},"end":{"line":26,"column":56}},"12":{"start":{"line":27,"column":16},"end":{"line":27,"column":17}},"13":{"start":{"line":28,"column":46},"end":{"line":28,"column":59}},"14":{"start":{"line":29,"column":2},"end":{"line":42,"column":null}},"15":{"start":{"line":30,"column":3},"end":{"line":41,"column":null}},"16":{"start":{"line":31,"column":20},"end":{"line":31,"column":65}},"17":{"start":{"line":32,"column":4},"end":{"line":32,"column":42}},"18":{"start":{"line":33,"column":4},"end":{"line":40,"column":7}},"19":{"start":{"line":43,"column":24},"end":{"line":43,"column":81}},"20":{"start":{"line":44,"column":2},"end":{"line":44,"column":34}},"21":{"start":{"line":45,"column":2},"end":{"line":47,"column":null}},"22":{"start":{"line":46,"column":3},"end":{"line":46,"column":27}},"23":{"start":{"line":49,"column":2},"end":{"line":56,"column":null}},"24":{"start":{"line":50,"column":18},"end":{"line":50,"column":63}},"25":{"start":{"line":51,"column":3},"end":{"line":55,"column":null}},"26":{"start":{"line":52,"column":4},"end":{"line":52,"column":40}},"27":{"start":{"line":54,"column":4},"end":{"line":54,"column":36}},"28":{"start":{"line":57,"column":14},"end":{"line":57,"column":30}},"29":{"start":{"line":58,"column":2},"end":{"line":58,"column":41}},"30":{"start":{"line":59,"column":2},"end":{"line":63,"column":4}},"31":{"start":{"line":10,"column":0},"end":{"line":10,"column":21}}},"fnMap":{"0":{"name":"(anonymous_8)","decl":{"start":{"line":12,"column":1},"end":{"line":12,"column":null}},"loc":{"start":{"line":19,"column":46},"end":{"line":21,"column":2}}},"1":{"name":"(anonymous_9)","decl":{"start":{"line":23,"column":7},"end":{"line":23,"column":14}},"loc":{"start":{"line":23,"column":28},"end":{"line":64,"column":null}}}},"branchMap":{"0":{"loc":{"start":{"line":19,"column":11},"end":{"line":19,"column":46}},"type":"default-arg","locations":[{"start":{"line":19,"column":27},"end":{"line":19,"column":46}}]},"1":{"loc":{"start":{"line":29,"column":2},"end":{"line":42,"column":null}},"type":"if","locations":[{"start":{"line":29,"column":2},"end":{"line":42,"column":null}}]},"2":{"loc":{"start":{"line":45,"column":2},"end":{"line":47,"column":null}},"type":"if","locations":[{"start":{"line":45,"column":2},"end":{"line":47,"column":null}}]},"3":{"loc":{"start":{"line":45,"column":6},"end":{"line":45,"column":28}},"type":"binary-expr","locations":[{"start":{"line":45,"column":6},"end":{"line":45,"column":16}},{"start":{"line":45,"column":20},"end":{"line":45,"column":28}}]},"4":{"loc":{"start":{"line":49,"column":2},"end":{"line":56,"column":null}},"type":"if","locations":[{"start":{"line":49,"column":2},"end":{"line":56,"column":null}}]},"5":{"loc":{"start":{"line":51,"column":3},"end":{"line":55,"column":null}},"type":"if","locations":[{"start":{"line":51,"column":3},"end":{"line":55,"column":null}},{"start":{"line":53,"column":8},"end":{"line":55,"column":null}}]}},"s":{"0":1,"1":1,"2":2,"3":2,"4":2,"5":2,"6":2,"7":2,"8":2,"9":2,"10":2,"11":2,"12":2,"13":2,"14":2,"15":2,"16":1,"17":1,"18":1,"19":2,"20":2,"21":2,"22":0,"23":2,"24":0,"25":0,"26":0,"27":0,"28":2,"29":2,"30":2,"31":1},"f":{"0":2,"1":2},"b":{"0":[2],"1":[2],"2":[0],"3":[2,0],"4":[0],"5":[0,0]}}
,"C:\\Users\\kassi\\OneDrive\\Documentos\\My Personal\\branas-course\\kassio-commerce\\backend\\checkout\\src\\application\\usecase\\GetOrder.ts": {"path":"C:\\Users\\kassi\\OneDrive\\Documentos\\My Personal\\branas-course\\kassio-commerce\\backend\\checkout\\src\\application\\usecase\\GetOrder.ts","statementMap":{"0":{"start":{"line":8,"column":11},"end":{"line":8,"column":44}},"1":{"start":{"line":13,"column":24},"end":{"line":13,"column":63}},"2":{"start":{"line":14,"column":25},"end":{"line":18,"column":4}},"3":{"start":{"line":19,"column":2},"end":{"line":19,"column":16}},"4":{"start":{"line":5,"column":0},"end":{"line":5,"column":21}}},"fnMap":{"0":{"name":"(anonymous_7)","decl":{"start":{"line":7,"column":1},"end":{"line":7,"column":null}},"loc":{"start":{"line":8,"column":44},"end":{"line":10,"column":2}}},"1":{"name":"(anonymous_8)","decl":{"start":{"line":12,"column":7},"end":{"line":12,"column":14}},"loc":{"start":{"line":12,"column":26},"end":{"line":20,"column":null}}}},"branchMap":{},"s":{"0":1,"1":1,"2":1,"3":1,"4":1},"f":{"0":1,"1":1},"b":{}}
,"C:\\Users\\kassi\\OneDrive\\Documentos\\My Personal\\branas-course\\kassio-commerce\\backend\\checkout\\src\\application\\usecase\\ValidateCoupon.ts": {"path":"C:\\Users\\kassi\\OneDrive\\Documentos\\My Personal\\branas-course\\kassio-commerce\\backend\\checkout\\src\\application\\usecase\\ValidateCoupon.ts","statementMap":{"0":{"start":{"line":8,"column":25},"end":{"line":8,"column":60}},"1":{"start":{"line":13,"column":17},"end":{"line":13,"column":58}},"2":{"start":{"line":14,"column":8},"end":{"line":14,"column":45}},"3":{"start":{"line":3,"column":0},"end":{"line":3,"column":21}}},"fnMap":{"0":{"name":"(anonymous_7)","decl":{"start":{"line":8,"column":4},"end":{"line":8,"column":25}},"loc":{"start":{"line":8,"column":60},"end":{"line":10,"column":5}}},"1":{"name":"(anonymous_8)","decl":{"start":{"line":12,"column":10},"end":{"line":12,"column":17}},"loc":{"start":{"line":12,"column":34},"end":{"line":15,"column":null}}}},"branchMap":{},"s":{"0":2,"1":2,"2":2,"3":1},"f":{"0":2,"1":2},"b":{}}
,"C:\\Users\\kassi\\OneDrive\\Documentos\\My Personal\\branas-course\\kassio-commerce\\backend\\checkout\\src\\domain\\entities\\Coupon.ts": {"path":"C:\\Users\\kassi\\OneDrive\\Documentos\\My Personal\\branas-course\\kassio-commerce\\backend\\checkout\\src\\domain\\entities\\Coupon.ts","statementMap":{"0":{"start":{"line":3,"column":23},"end":{"line":3,"column":35}},"1":{"start":{"line":3,"column":46},"end":{"line":3,"column":64}},"2":{"start":{"line":3,"column":75},"end":{"line":3,"column":91}},"3":{"start":{"line":7,"column":2},"end":{"line":7,"column":53}},"4":{"start":{"line":11,"column":2},"end":{"line":11,"column":40}},"5":{"start":{"line":1,"column":0},"end":{"line":1,"column":21}}},"fnMap":{"0":{"name":"(anonymous_0)","decl":{"start":{"line":3,"column":1},"end":{"line":3,"column":23}},"loc":{"start":{"line":3,"column":91},"end":{"line":4,"column":2}}},"1":{"name":"(anonymous_1)","decl":{"start":{"line":6,"column":1},"end":{"line":6,"column":10}},"loc":{"start":{"line":6,"column":23},"end":{"line":8,"column":2}}},"2":{"name":"(anonymous_2)","decl":{"start":{"line":10,"column":1},"end":{"line":10,"column":18}},"loc":{"start":{"line":10,"column":34},"end":{"line":12,"column":2}}}},"branchMap":{},"s":{"0":3,"1":3,"2":3,"3":2,"4":0,"5":3},"f":{"0":3,"1":2,"2":0},"b":{}}
,"C:\\Users\\kassi\\OneDrive\\Documentos\\My Personal\\branas-course\\kassio-commerce\\backend\\checkout\\src\\domain\\entities\\Cpf.ts": {"path":"C:\\Users\\kassi\\OneDrive\\Documentos\\My Personal\\branas-course\\kassio-commerce\\backend\\checkout\\src\\domain\\entities\\Cpf.ts","statementMap":{"0":{"start":{"line":2,"column":25},"end":{"line":2,"column":39}},"1":{"start":{"line":3,"column":8},"end":{"line":3,"column":65}},"2":{"start":{"line":3,"column":34},"end":{"line":3,"column":65}},"3":{"start":{"line":7,"column":20},"end":{"line":7,"column":21}},"4":{"start":{"line":8,"column":8},"end":{"line":10,"column":null}},"5":{"start":{"line":9,"column":12},"end":{"line":9,"column":64}},"6":{"start":{"line":9,"column":28},"end":{"line":9,"column":64}},"7":{"start":{"line":11,"column":21},"end":{"line":11,"column":29}},"8":{"start":{"line":12,"column":8},"end":{"line":12,"column":42}},"9":{"start":{"line":16,"column":8},"end":{"line":16,"column":38}},"10":{"start":{"line":20,"column":8},"end":{"line":20,"column":33}},"11":{"start":{"line":24,"column":8},"end":{"line":24,"column":54}},"12":{"start":{"line":24,"column":40},"end":{"line":24,"column":52}},"13":{"start":{"line":28,"column":8},"end":{"line":28,"column":55}},"14":{"start":{"line":32,"column":8},"end":{"line":32,"column":31}},"15":{"start":{"line":32,"column":18},"end":{"line":32,"column":31}},"16":{"start":{"line":33,"column":8},"end":{"line":33,"column":30}},"17":{"start":{"line":34,"column":8},"end":{"line":34,"column":50}},"18":{"start":{"line":34,"column":37},"end":{"line":34,"column":50}},"19":{"start":{"line":35,"column":8},"end":{"line":35,"column":53}},"20":{"start":{"line":35,"column":40},"end":{"line":35,"column":53}},"21":{"start":{"line":36,"column":23},"end":{"line":36,"column":51}},"22":{"start":{"line":37,"column":23},"end":{"line":37,"column":51}},"23":{"start":{"line":38,"column":27},"end":{"line":38,"column":55}},"24":{"start":{"line":39,"column":32},"end":{"line":39,"column":52}},"25":{"start":{"line":40,"column":8},"end":{"line":40,"column":46}},"26":{"start":{"line":1,"column":0},"end":{"line":1,"column":21}}},"fnMap":{"0":{"name":"(anonymous_0)","decl":{"start":{"line":2,"column":4},"end":{"line":2,"column":25}},"loc":{"start":{"line":2,"column":39},"end":{"line":4,"column":5}}},"1":{"name":"(anonymous_1)","decl":{"start":{"line":6,"column":4},"end":{"line":6,"column":18}},"loc":{"start":{"line":6,"column":47},"end":{"line":13,"column":5}}},"2":{"name":"(anonymous_2)","decl":{"start":{"line":15,"column":4},"end":{"line":15,"column":9}},"loc":{"start":{"line":15,"column":22},"end":{"line":17,"column":5}}},"3":{"name":"(anonymous_3)","decl":{"start":{"line":19,"column":4},"end":{"line":19,"column":17}},"loc":{"start":{"line":19,"column":30},"end":{"line":21,"column":5}}},"4":{"name":"(anonymous_4)","decl":{"start":{"line":23,"column":4},"end":{"line":23,"column":20}},"loc":{"start":{"line":23,"column":33},"end":{"line":25,"column":5}}},"5":{"name":"(anonymous_5)","decl":{"start":{"line":24,"column":35},"end":{"line":24,"column":36}},"loc":{"start":{"line":24,"column":40},"end":{"line":24,"column":52}}},"6":{"name":"(anonymous_6)","decl":{"start":{"line":27,"column":4},"end":{"line":27,"column":21}},"loc":{"start":{"line":27,"column":34},"end":{"line":29,"column":5}}},"7":{"name":"(anonymous_7)","decl":{"start":{"line":31,"column":4},"end":{"line":31,"column":12}},"loc":{"start":{"line":31,"column":25},"end":{"line":41,"column":5}}}},"branchMap":{"0":{"loc":{"start":{"line":3,"column":8},"end":{"line":3,"column":65}},"type":"if","locations":[{"start":{"line":3,"column":8},"end":{"line":3,"column":65}}]},"1":{"loc":{"start":{"line":9,"column":12},"end":{"line":9,"column":64}},"type":"if","locations":[{"start":{"line":9,"column":12},"end":{"line":9,"column":64}}]},"2":{"loc":{"start":{"line":12,"column":15},"end":{"line":12,"column":41}},"type":"cond-expr","locations":[{"start":{"line":12,"column":28},"end":{"line":12,"column":29}},{"start":{"line":12,"column":32},"end":{"line":12,"column":41}}]},"3":{"loc":{"start":{"line":32,"column":8},"end":{"line":32,"column":31}},"type":"if","locations":[{"start":{"line":32,"column":8},"end":{"line":32,"column":31}}]},"4":{"loc":{"start":{"line":34,"column":8},"end":{"line":34,"column":50}},"type":"if","locations":[{"start":{"line":34,"column":8},"end":{"line":34,"column":50}}]},"5":{"loc":{"start":{"line":35,"column":8},"end":{"line":35,"column":53}},"type":"if","locations":[{"start":{"line":35,"column":8},"end":{"line":35,"column":53}}]}},"s":{"0":14,"1":14,"2":1,"3":28,"4":28,"5":308,"6":266,"7":28,"8":28,"9":14,"10":14,"11":14,"12":36,"13":14,"14":14,"15":0,"16":14,"17":14,"18":0,"19":14,"20":0,"21":14,"22":14,"23":14,"24":14,"25":14,"26":4},"f":{"0":14,"1":28,"2":14,"3":14,"4":14,"5":36,"6":14,"7":14},"b":{"0":[1],"1":[266],"2":[6,22],"3":[0],"4":[0],"5":[0]}}
,"C:\\Users\\kassi\\OneDrive\\Documentos\\My Personal\\branas-course\\kassio-commerce\\backend\\checkout\\src\\domain\\entities\\CurrencyTable.ts": {"path":"C:\\Users\\kassi\\OneDrive\\Documentos\\My Personal\\branas-course\\kassio-commerce\\backend\\checkout\\src\\domain\\entities\\CurrencyTable.ts","statementMap":{"0":{"start":{"line":5,"column":2},"end":{"line":7,"column":4}},"1":{"start":{"line":11,"column":2},"end":{"line":11,"column":31}},"2":{"start":{"line":15,"column":2},"end":{"line":15,"column":30}},"3":{"start":{"line":1,"column":0},"end":{"line":1,"column":21}}},"fnMap":{"0":{"name":"(anonymous_0)","decl":{"start":{"line":4,"column":1},"end":{"line":4,"column":null}},"loc":{"start":{"line":4,"column":1},"end":{"line":8,"column":2}}},"1":{"name":"(anonymous_1)","decl":{"start":{"line":10,"column":1},"end":{"line":10,"column":12}},"loc":{"start":{"line":10,"column":45},"end":{"line":12,"column":2}}},"2":{"name":"(anonymous_2)","decl":{"start":{"line":14,"column":1},"end":{"line":14,"column":12}},"loc":{"start":{"line":14,"column":30},"end":{"line":16,"column":2}}}},"branchMap":{},"s":{"0":14,"1":3,"2":8,"3":4},"f":{"0":14,"1":3,"2":8},"b":{}}
,"C:\\Users\\kassi\\OneDrive\\Documentos\\My Personal\\branas-course\\kassio-commerce\\backend\\checkout\\src\\domain\\entities\\Item.ts": {"path":"C:\\Users\\kassi\\OneDrive\\Documentos\\My Personal\\branas-course\\kassio-commerce\\backend\\checkout\\src\\domain\\entities\\Item.ts","statementMap":{"0":{"start":{"line":3,"column":17},"end":{"line":3,"column":43}},"1":{"start":{"line":4,"column":17},"end":{"line":4,"column":34}},"2":{"start":{"line":5,"column":17},"end":{"line":5,"column":33}},"3":{"start":{"line":6,"column":17},"end":{"line":6,"column":33}},"4":{"start":{"line":1,"column":0},"end":{"line":1,"column":21}}},"fnMap":{"0":{"name":"(anonymous_0)","decl":{"start":{"line":2,"column":4},"end":{"line":2,"column":null}},"loc":{"start":{"line":6,"column":33},"end":{"line":7,"column":8}}}},"branchMap":{},"s":{"0":11,"1":11,"2":11,"3":11,"4":4},"f":{"0":11},"b":{}}
,"C:\\Users\\kassi\\OneDrive\\Documentos\\My Personal\\branas-course\\kassio-commerce\\backend\\checkout\\src\\domain\\entities\\Order.ts": {"path":"C:\\Users\\kassi\\OneDrive\\Documentos\\My Personal\\branas-course\\kassio-commerce\\backend\\checkout\\src\\domain\\entities\\Order.ts","statementMap":{"0":{"start":{"line":1,"column":0},"end":{"line":1,"column":26}},"1":{"start":{"line":3,"column":0},"end":{"line":3,"column":24}},"2":{"start":{"line":4,"column":0},"end":{"line":4,"column":44}},"3":{"start":{"line":16,"column":17},"end":{"line":16,"column":48}},"4":{"start":{"line":18,"column":17},"end":{"line":18,"column":30}},"5":{"start":{"line":19,"column":17},"end":{"line":19,"column":28}},"6":{"start":{"line":8,"column":4},"end":{"line":8,"column":28}},"7":{"start":{"line":21,"column":8},"end":{"line":21,"column":32}},"8":{"start":{"line":22,"column":8},"end":{"line":22,"column":36}},"9":{"start":{"line":23,"column":8},"end":{"line":23,"column":40}},"10":{"start":{"line":27,"column":8},"end":{"line":27,"column":86}},"11":{"start":{"line":31,"column":8},"end":{"line":33,"column":10}},"12":{"start":{"line":37,"column":8},"end":{"line":46,"column":11}},"13":{"start":{"line":38,"column":12},"end":{"line":45,"column":14}},"14":{"start":{"line":50,"column":8},"end":{"line":50,"column":62}},"15":{"start":{"line":50,"column":26},"end":{"line":50,"column":62}},"16":{"start":{"line":51,"column":8},"end":{"line":53,"column":10}},"17":{"start":{"line":57,"column":28},"end":{"line":57,"column":29}},"18":{"start":{"line":59,"column":8},"end":{"line":64,"column":11}},"19":{"start":{"line":60,"column":12},"end":{"line":63,"column":65}},"20":{"start":{"line":65,"column":8},"end":{"line":68,"column":null}},"21":{"start":{"line":66,"column":32},"end":{"line":66,"column":78}},"22":{"start":{"line":67,"column":12},"end":{"line":67,"column":42}},"23":{"start":{"line":70,"column":8},"end":{"line":70,"column":21}},"24":{"start":{"line":74,"column":8},"end":{"line":74,"column":45}},"25":{"start":{"line":78,"column":8},"end":{"line":78,"column":25}},"26":{"start":{"line":7,"column":0},"end":{"line":7,"column":21}}},"fnMap":{"0":{"name":"(anonymous_1)","decl":{"start":{"line":14,"column":4},"end":{"line":14,"column":null}},"loc":{"start":{"line":19,"column":28},"end":{"line":24,"column":5}}},"1":{"name":"(anonymous_2)","decl":{"start":{"line":26,"column":12},"end":{"line":26,"column":24}},"loc":{"start":{"line":26,"column":24},"end":{"line":28,"column":5}}},"2":{"name":"(anonymous_3)","decl":{"start":{"line":30,"column":4},"end":{"line":30,"column":19}},"loc":{"start":{"line":30,"column":19},"end":{"line":34,"column":5}}},"3":{"name":"(anonymous_4)","decl":{"start":{"line":36,"column":4},"end":{"line":36,"column":12}},"loc":{"start":{"line":36,"column":32},"end":{"line":47,"column":5}}},"4":{"name":"(anonymous_5)","decl":{"start":{"line":37,"column":25},"end":{"line":37,"column":26}},"loc":{"start":{"line":37,"column":37},"end":{"line":46,"column":9}}},"5":{"name":"(anonymous_6)","decl":{"start":{"line":49,"column":4},"end":{"line":49,"column":11}},"loc":{"start":{"line":49,"column":46},"end":{"line":54,"column":5}}},"6":{"name":"(anonymous_7)","decl":{"start":{"line":56,"column":4},"end":{"line":56,"column":12}},"loc":{"start":{"line":56,"column":12},"end":{"line":71,"column":5}}},"7":{"name":"(anonymous_8)","decl":{"start":{"line":59,"column":27},"end":{"line":59,"column":28}},"loc":{"start":{"line":59,"column":39},"end":{"line":64,"column":9}}},"8":{"name":"(anonymous_9)","decl":{"start":{"line":73,"column":4},"end":{"line":73,"column":21}},"loc":{"start":{"line":73,"column":44},"end":{"line":75,"column":5}}},"9":{"name":"(anonymous_10)","decl":{"start":{"line":77,"column":4},"end":{"line":77,"column":11}},"loc":{"start":{"line":77,"column":11},"end":{"line":79,"column":5}}}},"branchMap":{"0":{"loc":{"start":{"line":16,"column":17},"end":{"line":16,"column":67}},"type":"default-arg","locations":[{"start":{"line":16,"column":48},"end":{"line":16,"column":67}}]},"1":{"loc":{"start":{"line":22,"column":23},"end":{"line":22,"column":35}},"type":"cond-expr","locations":[{"start":{"line":22,"column":23},"end":{"line":22,"column":30}},{"start":{"line":22,"column":34},"end":{"line":22,"column":35}}]},"2":{"loc":{"start":{"line":22,"column":23},"end":{"line":22,"column":34}},"type":"binary-expr","locations":[{"start":{"line":22,"column":23},"end":{"line":22,"column":34}},{"start":{"line":22,"column":23},"end":{"line":22,"column":34}}]},"3":{"loc":{"start":{"line":27,"column":18},"end":{"line":27,"column":42}},"type":"cond-expr","locations":[{"start":{"line":27,"column":27},"end":{"line":27,"column":29}},{"start":{"line":27,"column":27},"end":{"line":27,"column":42}}]},"4":{"loc":{"start":{"line":27,"column":18},"end":{"line":27,"column":29}},"type":"binary-expr","locations":[{"start":{"line":27,"column":18},"end":{"line":27,"column":29}},{"start":{"line":27,"column":27},"end":{"line":27,"column":29}}]},"5":{"loc":{"start":{"line":50,"column":8},"end":{"line":50,"column":62}},"type":"if","locations":[{"start":{"line":50,"column":8},"end":{"line":50,"column":62}}]},"6":{"loc":{"start":{"line":65,"column":8},"end":{"line":68,"column":null}},"type":"if","locations":[{"start":{"line":65,"column":8},"end":{"line":68,"column":null}}]}},"s":{"0":4,"1":4,"2":4,"3":14,"4":14,"5":14,"6":14,"7":14,"8":13,"9":13,"10":13,"11":1,"12":3,"13":9,"14":3,"15":1,"16":2,"17":7,"18":7,"19":8,"20":7,"21":1,"22":1,"23":7,"24":1,"25":2,"26":4},"f":{"0":14,"1":13,"2":1,"3":3,"4":9,"5":3,"6":7,"7":8,"8":1,"9":2},"b":{"0":[4],"1":[1,12],"2":[13,13],"3":[11,2],"4":[13,13],"5":[1],"6":[1]}}
,"C:\\Users\\kassi\\OneDrive\\Documentos\\My Personal\\branas-course\\kassio-commerce\\backend\\checkout\\src\\domain\\entities\\Product.ts": {"path":"C:\\Users\\kassi\\OneDrive\\Documentos\\My Personal\\branas-course\\kassio-commerce\\backend\\checkout\\src\\domain\\entities\\Product.ts","statementMap":{"0":{"start":{"line":1,"column":0},"end":{"line":1,"column":36}},"1":{"start":{"line":22,"column":8},"end":{"line":26,"column":null}},"2":{"start":{"line":23,"column":12},"end":{"line":23,"column":25}},"3":{"start":{"line":25,"column":12},"end":{"line":25,"column":31}},"4":{"start":{"line":27,"column":8},"end":{"line":27,"column":25}},"5":{"start":{"line":28,"column":8},"end":{"line":28,"column":27}},"6":{"start":{"line":29,"column":8},"end":{"line":29,"column":33}},"7":{"start":{"line":30,"column":8},"end":{"line":30,"column":27}},"8":{"start":{"line":31,"column":8},"end":{"line":31,"column":29}},"9":{"start":{"line":32,"column":8},"end":{"line":32,"column":27}},"10":{"start":{"line":33,"column":8},"end":{"line":33,"column":29}},"11":{"start":{"line":34,"column":8},"end":{"line":34,"column":52}},"12":{"start":{"line":38,"column":2},"end":{"line":38,"column":58}},"13":{"start":{"line":42,"column":8},"end":{"line":47,"column":null}},"14":{"start":{"line":3,"column":0},"end":{"line":3,"column":21}}},"fnMap":{"0":{"name":"(anonymous_0)","decl":{"start":{"line":15,"column":4},"end":{"line":15,"column":16}},"loc":{"start":{"line":21,"column":9},"end":{"line":35,"column":5}}},"1":{"name":"(anonymous_1)","decl":{"start":{"line":37,"column":4},"end":{"line":37,"column":13}},"loc":{"start":{"line":37,"column":13},"end":{"line":39,"column":2}}},"2":{"name":"(anonymous_2)","decl":{"start":{"line":41,"column":4},"end":{"line":41,"column":17}},"loc":{"start":{"line":41,"column":17},"end":{"line":48,"column":5}}}},"branchMap":{"0":{"loc":{"start":{"line":22,"column":8},"end":{"line":26,"column":null}},"type":"if","locations":[{"start":{"line":22,"column":8},"end":{"line":26,"column":null}},{"start":{"line":24,"column":15},"end":{"line":26,"column":null}}]},"1":{"loc":{"start":{"line":34,"column":24},"end":{"line":34,"column":51}},"type":"cond-expr","locations":[{"start":{"line":34,"column":35},"end":{"line":34,"column":43}},{"start":{"line":34,"column":46},"end":{"line":34,"column":51}}]}},"s":{"0":2,"1":12,"2":12,"3":0,"4":12,"5":12,"6":12,"7":12,"8":12,"9":12,"10":12,"11":12,"12":0,"13":0,"14":2},"f":{"0":12,"1":0,"2":0},"b":{"0":[12,0],"1":[2,10]}}
,"C:\\Users\\kassi\\OneDrive\\Documentos\\My Personal\\branas-course\\kassio-commerce\\backend\\checkout\\src\\infra\\data\\data.ts": {"path":"C:\\Users\\kassi\\OneDrive\\Documentos\\My Personal\\branas-course\\kassio-commerce\\backend\\checkout\\src\\infra\\data\\data.ts","statementMap":{"0":{"start":{"line":1,"column":0},"end":{"line":1,"column":48}},"1":{"start":{"line":3,"column":0},"end":{"line":27,"column":null}}},"fnMap":{},"branchMap":{},"s":{"0":3,"1":3},"f":{},"b":{}}
,"C:\\Users\\kassi\\OneDrive\\Documentos\\My Personal\\branas-course\\kassio-commerce\\backend\\checkout\\src\\infra\\gateway\\CatalogGateway.ts": {"path":"C:\\Users\\kassi\\OneDrive\\Documentos\\My Personal\\branas-course\\kassio-commerce\\backend\\checkout\\src\\infra\\gateway\\CatalogGateway.ts","statementMap":{"0":{"start":{"line":1,"column":0},"end":{"line":1,"column":26}},"1":{"start":{"line":3,"column":0},"end":{"line":3,"column":52}},"2":{"start":{"line":10,"column":25},"end":{"line":10,"column":74}},"3":{"start":{"line":11,"column":36},"end":{"line":11,"column":38}},"4":{"start":{"line":12,"column":8},"end":{"line":22,"column":null}},"5":{"start":{"line":13,"column":12},"end":{"line":21,"column":16}},"6":{"start":{"line":23,"column":8},"end":{"line":23,"column":24}},"7":{"start":{"line":27,"column":25},"end":{"line":27,"column":80}},"8":{"start":{"line":28,"column":24},"end":{"line":36,"column":14}},"9":{"start":{"line":37,"column":8},"end":{"line":37,"column":23}},"10":{"start":{"line":5,"column":0},"end":{"line":5,"column":21}}},"fnMap":{"0":{"name":"(anonymous_8)","decl":{"start":{"line":6,"column":4},"end":{"line":6,"column":null}},"loc":{"start":{"line":6,"column":4},"end":{"line":7,"column":5}}},"1":{"name":"(anonymous_9)","decl":{"start":{"line":9,"column":10},"end":{"line":9,"column":24}},"loc":{"start":{"line":9,"column":24},"end":{"line":24,"column":null}}},"2":{"name":"(anonymous_11)","decl":{"start":{"line":26,"column":10},"end":{"line":26,"column":20}},"loc":{"start":{"line":26,"column":31},"end":{"line":38,"column":null}}}},"branchMap":{},"s":{"0":1,"1":1,"2":0,"3":0,"4":0,"5":0,"6":0,"7":0,"8":0,"9":0,"10":1},"f":{"0":2,"1":0,"2":0},"b":{}}
,"C:\\Users\\kassi\\OneDrive\\Documentos\\My Personal\\branas-course\\kassio-commerce\\backend\\checkout\\src\\infra\\gateway\\DeliveryGateway.ts": {"path":"C:\\Users\\kassi\\OneDrive\\Documentos\\My Personal\\branas-course\\kassio-commerce\\backend\\checkout\\src\\infra\\gateway\\DeliveryGateway.ts","statementMap":{"0":{"start":{"line":1,"column":0},"end":{"line":1,"column":26}},"1":{"start":{"line":9,"column":25},"end":{"line":9,"column":90}},"2":{"start":{"line":10,"column":8},"end":{"line":10,"column":29}},"3":{"start":{"line":4,"column":0},"end":{"line":4,"column":21}}},"fnMap":{"0":{"name":"(anonymous_8)","decl":{"start":{"line":5,"column":4},"end":{"line":5,"column":null}},"loc":{"start":{"line":5,"column":4},"end":{"line":6,"column":5}}},"1":{"name":"(anonymous_9)","decl":{"start":{"line":8,"column":10},"end":{"line":8,"column":26}},"loc":{"start":{"line":8,"column":39},"end":{"line":11,"column":null}}}},"branchMap":{},"s":{"0":1,"1":0,"2":0,"3":1},"f":{"0":2,"1":0},"b":{}}
,"C:\\Users\\kassi\\OneDrive\\Documentos\\My Personal\\branas-course\\kassio-commerce\\backend\\checkout\\src\\infra\\gateway\\currencyApiFake.ts": {"path":"C:\\Users\\kassi\\OneDrive\\Documentos\\My Personal\\branas-course\\kassio-commerce\\backend\\checkout\\src\\infra\\gateway\\currencyApiFake.ts","statementMap":{"0":{"start":{"line":8,"column":8},"end":{"line":8,"column":null}},"1":{"start":{"line":11,"column":8},"end":{"line":11,"column":39}},"2":{"start":{"line":11,"column":30},"end":{"line":11,"column":39}},"3":{"start":{"line":13,"column":8},"end":{"line":13,"column":17}},"4":{"start":{"line":3,"column":0},"end":{"line":3,"column":21}}},"fnMap":{"0":{"name":"(anonymous_7)","decl":{"start":{"line":4,"column":4},"end":{"line":4,"column":null}},"loc":{"start":{"line":4,"column":4},"end":{"line":5,"column":5}}},"1":{"name":"(anonymous_8)","decl":{"start":{"line":7,"column":10},"end":{"line":7,"column":23}},"loc":{"start":{"line":7,"column":23},"end":{"line":9,"column":null}}},"2":{"name":"(anonymous_10)","decl":{"start":{"line":10,"column":4},"end":{"line":10,"column":15}},"loc":{"start":{"line":10,"column":32},"end":{"line":14,"column":5}}}},"branchMap":{"0":{"loc":{"start":{"line":11,"column":8},"end":{"line":11,"column":39}},"type":"if","locations":[{"start":{"line":11,"column":8},"end":{"line":11,"column":39}}]}},"s":{"0":1,"1":0,"2":0,"3":0,"4":1},"f":{"0":2,"1":1,"2":0},"b":{"0":[0]}}
,"C:\\Users\\kassi\\OneDrive\\Documentos\\My Personal\\branas-course\\kassio-commerce\\backend\\checkout\\src\\infra\\repository\\couponRepositoryFake.ts": {"path":"C:\\Users\\kassi\\OneDrive\\Documentos\\My Personal\\branas-course\\kassio-commerce\\backend\\checkout\\src\\infra\\repository\\couponRepositoryFake.ts","statementMap":{"0":{"start":{"line":2,"column":0},"end":{"line":2,"column":50}},"1":{"start":{"line":3,"column":0},"end":{"line":3,"column":32}},"2":{"start":{"line":8,"column":23},"end":{"line":8,"column":77}},"3":{"start":{"line":8,"column":57},"end":{"line":8,"column":76}},"4":{"start":{"line":9,"column":8},"end":{"line":11,"column":null}},"5":{"start":{"line":10,"column":12},"end":{"line":10,"column":48}},"6":{"start":{"line":12,"column":8},"end":{"line":12,"column":82}},"7":{"start":{"line":6,"column":0},"end":{"line":6,"column":21}}},"fnMap":{"0":{"name":"(anonymous_8)","decl":{"start":{"line":7,"column":10},"end":{"line":7,"column":13}},"loc":{"start":{"line":7,"column":26},"end":{"line":13,"column":null}}},"1":{"name":"(anonymous_10)","decl":{"start":{"line":8,"column":45},"end":{"line":8,"column":46}},"loc":{"start":{"line":8,"column":57},"end":{"line":8,"column":76}}}},"branchMap":{"0":{"loc":{"start":{"line":9,"column":8},"end":{"line":11,"column":null}},"type":"if","locations":[{"start":{"line":9,"column":8},"end":{"line":11,"column":null}}]}},"s":{"0":2,"1":2,"2":2,"3":3,"4":2,"5":0,"6":2,"7":2},"f":{"0":2,"1":3},"b":{"0":[0]}}
,"C:\\Users\\kassi\\OneDrive\\Documentos\\My Personal\\branas-course\\kassio-commerce\\backend\\checkout\\src\\infra\\repository\\orderRepositoryFake.ts": {"path":"C:\\Users\\kassi\\OneDrive\\Documentos\\My Personal\\branas-course\\kassio-commerce\\backend\\checkout\\src\\infra\\repository\\orderRepositoryFake.ts","statementMap":{"0":{"start":{"line":2,"column":0},"end":{"line":2,"column":32}},"1":{"start":{"line":10,"column":8},"end":{"line":10,"column":36}},"2":{"start":{"line":5,"column":0},"end":{"line":5,"column":21}}},"fnMap":{"0":{"name":"(anonymous_8)","decl":{"start":{"line":6,"column":4},"end":{"line":6,"column":null}},"loc":{"start":{"line":6,"column":4},"end":{"line":7,"column":5}}},"1":{"name":"(anonymous_9)","decl":{"start":{"line":9,"column":10},"end":{"line":9,"column":14}},"loc":{"start":{"line":9,"column":28},"end":{"line":11,"column":null}}},"2":{"name":"(anonymous_11)","decl":{"start":{"line":13,"column":10},"end":{"line":13,"column":18}},"loc":{"start":{"line":13,"column":29},"end":{"line":15,"column":null}}}},"branchMap":{},"s":{"0":2,"1":2,"2":2},"f":{"0":3,"1":2,"2":0},"b":{}}
,"C:\\Users\\kassi\\OneDrive\\Documentos\\My Personal\\branas-course\\kassio-commerce\\backend\\checkout\\src\\infra\\repository\\productRepositoryFake.ts": {"path":"C:\\Users\\kassi\\OneDrive\\Documentos\\My Personal\\branas-course\\kassio-commerce\\backend\\checkout\\src\\infra\\repository\\productRepositoryFake.ts","statementMap":{"0":{"start":{"line":2,"column":0},"end":{"line":2,"column":32}},"1":{"start":{"line":3,"column":0},"end":{"line":3,"column":52}},"2":{"start":{"line":10,"column":23},"end":{"line":10,"column":77}},"3":{"start":{"line":10,"column":53},"end":{"line":10,"column":76}},"4":{"start":{"line":11,"column":8},"end":{"line":11,"column":24}},"5":{"start":{"line":15,"column":29},"end":{"line":15,"column":54}},"6":{"start":{"line":16,"column":8},"end":{"line":16,"column":38}},"7":{"start":{"line":20,"column":24},"end":{"line":20,"column":94}},"8":{"start":{"line":20,"column":60},"end":{"line":20,"column":93}},"9":{"start":{"line":21,"column":8},"end":{"line":23,"column":null}},"10":{"start":{"line":22,"column":12},"end":{"line":22,"column":62}},"11":{"start":{"line":24,"column":8},"end":{"line":24,"column":42}},"12":{"start":{"line":28,"column":8},"end":{"line":36,"column":11}},"13":{"start":{"line":40,"column":8},"end":{"line":50,"column":10}},"14":{"start":{"line":5,"column":0},"end":{"line":5,"column":21}}},"fnMap":{"0":{"name":"(anonymous_8)","decl":{"start":{"line":6,"column":4},"end":{"line":6,"column":null}},"loc":{"start":{"line":6,"column":4},"end":{"line":7,"column":5}}},"1":{"name":"(anonymous_9)","decl":{"start":{"line":9,"column":10},"end":{"line":9,"column":16}},"loc":{"start":{"line":9,"column":16},"end":{"line":12,"column":null}}},"2":{"name":"(anonymous_11)","decl":{"start":{"line":10,"column":45},"end":{"line":10,"column":49}},"loc":{"start":{"line":10,"column":53},"end":{"line":10,"column":76}}},"3":{"name":"(anonymous_12)","decl":{"start":{"line":14,"column":10},"end":{"line":14,"column":14}},"loc":{"start":{"line":14,"column":31},"end":{"line":17,"column":null}}},"4":{"name":"(anonymous_14)","decl":{"start":{"line":19,"column":10},"end":{"line":19,"column":13}},"loc":{"start":{"line":19,"column":31},"end":{"line":25,"column":null}}},"5":{"name":"(anonymous_16)","decl":{"start":{"line":20,"column":47},"end":{"line":20,"column":48}},"loc":{"start":{"line":20,"column":60},"end":{"line":20,"column":93}}},"6":{"name":"(anonymous_17)","decl":{"start":{"line":27,"column":12},"end":{"line":27,"column":24}},"loc":{"start":{"line":27,"column":37},"end":{"line":37,"column":5}}},"7":{"name":"(anonymous_18)","decl":{"start":{"line":39,"column":12},"end":{"line":39,"column":23}},"loc":{"start":{"line":39,"column":40},"end":{"line":51,"column":5}}}},"branchMap":{"0":{"loc":{"start":{"line":21,"column":8},"end":{"line":23,"column":null}},"type":"if","locations":[{"start":{"line":21,"column":8},"end":{"line":23,"column":null}}]}},"s":{"0":1,"1":1,"2":0,"3":0,"4":0,"5":0,"6":0,"7":0,"8":0,"9":0,"10":0,"11":0,"12":0,"13":0,"14":1},"f":{"0":2,"1":0,"2":0,"3":0,"4":0,"5":0,"6":0,"7":0},"b":{"0":[0]}}
}
