TN:
SF:src\application\usecase\Checkout.ts
FN:12,(anonymous_8)
FN:23,(anonymous_9)
FNF:2
FNH:2
FNDA:2,(anonymous_8)
FNDA:2,(anonymous_9)
DA:5,1
DA:6,1
DA:10,1
DA:13,2
DA:14,2
DA:15,2
DA:16,2
DA:17,2
DA:18,2
DA:19,2
DA:24,2
DA:25,2
DA:26,2
DA:27,2
DA:28,2
DA:29,2
DA:30,2
DA:31,1
DA:32,1
DA:33,1
DA:43,2
DA:44,2
DA:45,2
DA:46,0
DA:49,2
DA:50,0
DA:51,0
DA:52,0
DA:54,0
DA:57,2
DA:58,2
DA:59,2
LF:32
LH:27
BRDA:19,0,0,2
BRDA:29,1,0,2
BRDA:45,2,0,0
BRDA:45,3,0,2
BRDA:45,3,1,0
BRDA:49,4,0,0
BRDA:51,5,0,0
BRDA:51,5,1,0
BRF:8
BRH:3
end_of_record
TN:
SF:src\application\usecase\GetOrder.ts
FN:7,(anonymous_7)
FN:12,(anonymous_8)
FNF:2
FNH:2
FNDA:1,(anonymous_7)
FNDA:1,(anonymous_8)
DA:5,1
DA:8,1
DA:13,1
DA:14,1
DA:19,1
LF:5
LH:5
BRF:0
BRH:0
end_of_record
TN:
SF:src\application\usecase\ValidateCoupon.ts
FN:8,(anonymous_7)
FN:12,(anonymous_8)
FNF:2
FNH:2
FNDA:2,(anonymous_7)
FNDA:2,(anonymous_8)
DA:3,1
DA:8,2
DA:13,2
DA:14,2
LF:4
LH:4
BRF:0
BRH:0
end_of_record
TN:
SF:src\domain\entities\Coupon.ts
FN:3,(anonymous_0)
FN:6,(anonymous_1)
FN:10,(anonymous_2)
FNF:3
FNH:2
FNDA:3,(anonymous_0)
FNDA:2,(anonymous_1)
FNDA:0,(anonymous_2)
DA:1,3
DA:3,3
DA:7,2
DA:11,0
LF:4
LH:3
BRF:0
BRH:0
end_of_record
TN:
SF:src\domain\entities\Cpf.ts
FN:2,(anonymous_0)
FN:6,(anonymous_1)
FN:15,(anonymous_2)
FN:19,(anonymous_3)
FN:23,(anonymous_4)
FN:24,(anonymous_5)
FN:27,(anonymous_6)
FN:31,(anonymous_7)
FNF:8
FNH:8
FNDA:14,(anonymous_0)
FNDA:28,(anonymous_1)
FNDA:14,(anonymous_2)
FNDA:14,(anonymous_3)
FNDA:14,(anonymous_4)
FNDA:36,(anonymous_5)
FNDA:14,(anonymous_6)
FNDA:14,(anonymous_7)
DA:1,4
DA:2,14
DA:3,14
DA:7,28
DA:8,28
DA:9,308
DA:11,28
DA:12,28
DA:16,14
DA:20,14
DA:24,36
DA:28,14
DA:32,14
DA:33,14
DA:34,14
DA:35,14
DA:36,14
DA:37,14
DA:38,14
DA:39,14
DA:40,14
LF:21
LH:21
BRDA:3,0,0,1
BRDA:9,1,0,266
BRDA:12,2,0,6
BRDA:12,2,1,22
BRDA:32,3,0,0
BRDA:34,4,0,0
BRDA:35,5,0,0
BRF:7
BRH:4
end_of_record
TN:
SF:src\domain\entities\CurrencyTable.ts
FN:4,(anonymous_0)
FN:10,(anonymous_1)
FN:14,(anonymous_2)
FNF:3
FNH:3
FNDA:14,(anonymous_0)
FNDA:3,(anonymous_1)
FNDA:8,(anonymous_2)
DA:1,4
DA:5,14
DA:11,3
DA:15,8
LF:4
LH:4
BRF:0
BRH:0
end_of_record
TN:
SF:src\domain\entities\Item.ts
FN:2,(anonymous_0)
FNF:1
FNH:1
FNDA:11,(anonymous_0)
DA:1,4
DA:3,11
DA:4,11
DA:5,11
DA:6,11
LF:5
LH:5
BRF:0
BRH:0
end_of_record
TN:
SF:src\domain\entities\Order.ts
FN:14,(anonymous_1)
FN:26,(anonymous_2)
FN:30,(anonymous_3)
FN:36,(anonymous_4)
FN:37,(anonymous_5)
FN:49,(anonymous_6)
FN:56,(anonymous_7)
FN:59,(anonymous_8)
FN:73,(anonymous_9)
FN:77,(anonymous_10)
FNF:10
FNH:10
FNDA:14,(anonymous_1)
FNDA:13,(anonymous_2)
FNDA:1,(anonymous_3)
FNDA:3,(anonymous_4)
FNDA:9,(anonymous_5)
FNDA:3,(anonymous_6)
FNDA:7,(anonymous_7)
FNDA:8,(anonymous_8)
FNDA:1,(anonymous_9)
FNDA:2,(anonymous_10)
DA:1,4
DA:3,4
DA:4,4
DA:7,4
DA:8,14
DA:16,14
DA:18,14
DA:19,14
DA:21,14
DA:22,13
DA:23,13
DA:27,13
DA:31,1
DA:37,3
DA:38,9
DA:50,3
DA:51,2
DA:57,7
DA:59,7
DA:60,8
DA:65,7
DA:66,1
DA:67,1
DA:70,7
DA:74,1
DA:78,2
LF:26
LH:26
BRDA:16,0,0,4
BRDA:22,1,0,1
BRDA:22,1,1,12
BRDA:22,2,0,13
BRDA:22,2,1,13
BRDA:27,3,0,11
BRDA:27,3,1,2
BRDA:27,4,0,13
BRDA:27,4,1,13
BRDA:50,5,0,1
BRDA:65,6,0,1
BRF:11
BRH:11
end_of_record
TN:
SF:src\domain\entities\Product.ts
FN:15,(anonymous_0)
FN:37,(anonymous_1)
FN:41,(anonymous_2)
FNF:3
FNH:1
FNDA:12,(anonymous_0)
FNDA:0,(anonymous_1)
FNDA:0,(anonymous_2)
DA:1,2
DA:3,2
DA:22,12
DA:23,12
DA:25,0
DA:27,12
DA:28,12
DA:29,12
DA:30,12
DA:31,12
DA:32,12
DA:33,12
DA:34,12
DA:38,0
DA:42,0
LF:15
LH:12
BRDA:22,0,0,12
BRDA:22,0,1,0
BRDA:34,1,0,2
BRDA:34,1,1,10
BRF:4
BRH:3
end_of_record
TN:
SF:src\infra\data\data.ts
FNF:0
FNH:0
DA:1,3
DA:3,3
LF:2
LH:2
BRF:0
BRH:0
end_of_record
TN:
SF:src\infra\gateway\CatalogGateway.ts
FN:6,(anonymous_8)
FN:9,(anonymous_9)
FN:26,(anonymous_11)
FNF:3
FNH:1
FNDA:2,(anonymous_8)
FNDA:0,(anonymous_9)
FNDA:0,(anonymous_11)
DA:1,1
DA:3,1
DA:5,1
DA:10,0
DA:11,0
DA:12,0
DA:13,0
DA:23,0
DA:27,0
DA:28,0
DA:37,0
LF:11
LH:3
BRF:0
BRH:0
end_of_record
TN:
SF:src\infra\gateway\DeliveryGateway.ts
FN:5,(anonymous_8)
FN:8,(anonymous_9)
FNF:2
FNH:1
FNDA:2,(anonymous_8)
FNDA:0,(anonymous_9)
DA:1,1
DA:4,1
DA:9,0
DA:10,0
LF:4
LH:2
BRF:0
BRH:0
end_of_record
TN:
SF:src\infra\gateway\currencyApiFake.ts
FN:4,(anonymous_7)
FN:7,(anonymous_8)
FN:10,(anonymous_10)
FNF:3
FNH:2
FNDA:2,(anonymous_7)
FNDA:1,(anonymous_8)
FNDA:0,(anonymous_10)
DA:3,1
DA:8,1
DA:11,0
DA:13,0
LF:4
LH:2
BRDA:11,0,0,0
BRF:1
BRH:0
end_of_record
TN:
SF:src\infra\repository\couponRepositoryFake.ts
FN:7,(anonymous_8)
FN:8,(anonymous_10)
FNF:2
FNH:2
FNDA:2,(anonymous_8)
FNDA:3,(anonymous_10)
DA:2,2
DA:3,2
DA:6,2
DA:8,3
DA:9,2
DA:10,0
DA:12,2
LF:7
LH:6
BRDA:9,0,0,0
BRF:1
BRH:0
end_of_record
TN:
SF:src\infra\repository\orderRepositoryFake.ts
FN:6,(anonymous_8)
FN:9,(anonymous_9)
FN:13,(anonymous_11)
FNF:3
FNH:2
FNDA:3,(anonymous_8)
FNDA:2,(anonymous_9)
FNDA:0,(anonymous_11)
DA:2,2
DA:5,2
DA:10,2
LF:3
LH:3
BRF:0
BRH:0
end_of_record
TN:
SF:src\infra\repository\productRepositoryFake.ts
FN:6,(anonymous_8)
FN:9,(anonymous_9)
FN:10,(anonymous_11)
FN:14,(anonymous_12)
FN:19,(anonymous_14)
FN:20,(anonymous_16)
FN:27,(anonymous_17)
FN:39,(anonymous_18)
FNF:8
FNH:1
FNDA:2,(anonymous_8)
FNDA:0,(anonymous_9)
FNDA:0,(anonymous_11)
FNDA:0,(anonymous_12)
FNDA:0,(anonymous_14)
FNDA:0,(anonymous_16)
FNDA:0,(anonymous_17)
FNDA:0,(anonymous_18)
DA:2,1
DA:3,1
DA:5,1
DA:10,0
DA:11,0
DA:15,0
DA:16,0
DA:20,0
DA:21,0
DA:22,0
DA:24,0
DA:28,0
DA:40,0
LF:13
LH:3
BRDA:21,0,0,0
BRF:1
BRH:0
end_of_record
