<?xml version="1.0" encoding="UTF-8"?>
<coverage generated="1681255390526" clover="3.2.0">
  <project timestamp="1681255390526" name="All files">
    <metrics statements="42" coveredstatements="34" conditionals="5" coveredconditionals="2" methods="17" coveredmethods="12" elements="64" coveredelements="48" complexity="0" loc="42" ncloc="42" packages="4" files="5" classes="5"/>
    <package name="application.usecase">
      <metrics statements="12" coveredstatements="12" conditionals="0" coveredconditionals="0" methods="5" coveredmethods="5"/>
      <file name="GetProduct.ts" path="C:\Users\kassi\OneDrive\Documentos\My Personal\branas-course\kassio-commerce\backend\catalog\src\application\usecase\GetProduct.ts">
        <metrics statements="5" coveredstatements="5" conditionals="0" coveredconditionals="0" methods="2" coveredmethods="2"/>
        <line num="4" count="1" type="stmt"/>
        <line num="6" count="1" type="stmt"/>
        <line num="10" count="1" type="stmt"/>
        <line num="11" count="1" type="stmt"/>
        <line num="16" count="1" type="stmt"/>
      </file>
      <file name="GetProductsCatalog.ts" path="C:\Users\kassi\OneDrive\Documentos\My Personal\branas-course\kassio-commerce\backend\catalog\src\application\usecase\GetProductsCatalog.ts">
        <metrics statements="7" coveredstatements="7" conditionals="0" coveredconditionals="0" methods="3" coveredmethods="3"/>
        <line num="4" count="1" type="stmt"/>
        <line num="6" count="1" type="stmt"/>
        <line num="9" count="1" type="stmt"/>
        <line num="10" count="1" type="stmt"/>
        <line num="12" count="1" type="stmt"/>
        <line num="13" count="2" type="stmt"/>
        <line num="20" count="1" type="stmt"/>
      </file>
    </package>
    <package name="domain.entities">
      <metrics statements="16" coveredstatements="14" conditionals="4" coveredconditionals="2" methods="4" coveredmethods="3"/>
      <file name="Product.ts" path="C:\Users\kassi\OneDrive\Documentos\My Personal\branas-course\kassio-commerce\backend\catalog\src\domain\entities\Product.ts">
        <metrics statements="16" coveredstatements="14" conditionals="4" coveredconditionals="2" methods="4" coveredmethods="3"/>
        <line num="1" count="2" type="stmt"/>
        <line num="3" count="2" type="stmt"/>
        <line num="21" count="3" type="cond" truecount="1" falsecount="1"/>
        <line num="22" count="3" type="stmt"/>
        <line num="24" count="0" type="stmt"/>
        <line num="26" count="3" type="stmt"/>
        <line num="27" count="3" type="stmt"/>
        <line num="28" count="3" type="stmt"/>
        <line num="29" count="3" type="stmt"/>
        <line num="30" count="3" type="stmt"/>
        <line num="31" count="3" type="stmt"/>
        <line num="32" count="3" type="stmt"/>
        <line num="33" count="3" type="cond" truecount="1" falsecount="1"/>
        <line num="37" count="2" type="stmt"/>
        <line num="41" count="0" type="stmt"/>
        <line num="50" count="1" type="stmt"/>
      </file>
    </package>
    <package name="infra.data">
      <metrics statements="1" coveredstatements="1" conditionals="0" coveredconditionals="0" methods="0" coveredmethods="0"/>
      <file name="data.ts" path="C:\Users\kassi\OneDrive\Documentos\My Personal\branas-course\kassio-commerce\backend\catalog\src\infra\data\data.ts">
        <metrics statements="1" coveredstatements="1" conditionals="0" coveredconditionals="0" methods="0" coveredmethods="0"/>
        <line num="1" count="2" type="stmt"/>
      </file>
    </package>
    <package name="infra.repository">
      <metrics statements="13" coveredstatements="7" conditionals="1" coveredconditionals="0" methods="8" coveredmethods="4"/>
      <file name="productRepositoryFake.ts" path="C:\Users\kassi\OneDrive\Documentos\My Personal\branas-course\kassio-commerce\backend\catalog\src\infra\repository\productRepositoryFake.ts">
        <metrics statements="13" coveredstatements="7" conditionals="1" coveredconditionals="0" methods="8" coveredmethods="4"/>
        <line num="2" count="2" type="stmt"/>
        <line num="3" count="2" type="stmt"/>
        <line num="5" count="2" type="stmt"/>
        <line num="10" count="0" type="stmt"/>
        <line num="11" count="0" type="stmt"/>
        <line num="15" count="0" type="stmt"/>
        <line num="16" count="0" type="stmt"/>
        <line num="20" count="1" type="stmt"/>
        <line num="21" count="1" type="cond" truecount="0" falsecount="1"/>
        <line num="22" count="0" type="stmt"/>
        <line num="24" count="1" type="stmt"/>
        <line num="28" count="1" type="stmt"/>
        <line num="41" count="0" type="stmt"/>
      </file>
    </package>
  </project>
</coverage>
