{"C:\\Users\\kassi\\OneDrive\\Documentos\\My Personal\\branas-course\\kassio-commerce\\backend\\catalog\\src\\application\\usecase\\GetProduct.ts": {"path":"C:\\Users\\kassi\\OneDrive\\Documentos\\My Personal\\branas-course\\kassio-commerce\\backend\\catalog\\src\\application\\usecase\\GetProduct.ts","statementMap":{"0":{"start":{"line":6,"column":25},"end":{"line":6,"column":63}},"1":{"start":{"line":10,"column":24},"end":{"line":10,"column":60}},"2":{"start":{"line":11,"column":23},"end":{"line":14,"column":10}},"3":{"start":{"line":16,"column":8},"end":{"line":16,"column":22}},"4":{"start":{"line":4,"column":0},"end":{"line":4,"column":21}}},"fnMap":{"0":{"name":"(anonymous_7)","decl":{"start":{"line":6,"column":4},"end":{"line":6,"column":25}},"loc":{"start":{"line":6,"column":63},"end":{"line":7,"column":5}}},"1":{"name":"(anonymous_8)","decl":{"start":{"line":9,"column":10},"end":{"line":9,"column":17}},"loc":{"start":{"line":9,"column":29},"end":{"line":17,"column":null}}}},"branchMap":{},"s":{"0":1,"1":1,"2":1,"3":1,"4":1},"f":{"0":1,"1":1},"b":{}}
,"C:\\Users\\kassi\\OneDrive\\Documentos\\My Personal\\branas-course\\kassio-commerce\\backend\\catalog\\src\\application\\usecase\\GetProductsCatalog.ts": {"path":"C:\\Users\\kassi\\OneDrive\\Documentos\\My Personal\\branas-course\\kassio-commerce\\backend\\catalog\\src\\application\\usecase\\GetProductsCatalog.ts","statementMap":{"0":{"start":{"line":6,"column":25},"end":{"line":6,"column":63}},"1":{"start":{"line":9,"column":30},"end":{"line":9,"column":32}},"2":{"start":{"line":10,"column":25},"end":{"line":10,"column":62}},"3":{"start":{"line":12,"column":8},"end":{"line":18,"column":11}},"4":{"start":{"line":13,"column":12},"end":{"line":17,"column":null}},"5":{"start":{"line":20,"column":8},"end":{"line":20,"column":22}},"6":{"start":{"line":4,"column":0},"end":{"line":4,"column":21}}},"fnMap":{"0":{"name":"(anonymous_7)","decl":{"start":{"line":6,"column":4},"end":{"line":6,"column":25}},"loc":{"start":{"line":6,"column":63},"end":{"line":6,"column":67}}},"1":{"name":"(anonymous_8)","decl":{"start":{"line":8,"column":10},"end":{"line":8,"column":17}},"loc":{"start":{"line":8,"column":17},"end":{"line":21,"column":null}}},"2":{"name":"(anonymous_10)","decl":{"start":{"line":12,"column":25},"end":{"line":12,"column":32}},"loc":{"start":{"line":12,"column":35},"end":{"line":18,"column":9}}}},"branchMap":{},"s":{"0":1,"1":1,"2":1,"3":1,"4":2,"5":1,"6":1},"f":{"0":1,"1":1,"2":2},"b":{}}
,"C:\\Users\\kassi\\OneDrive\\Documentos\\My Personal\\branas-course\\kassio-commerce\\backend\\catalog\\src\\domain\\entities\\Product.ts": {"path":"C:\\Users\\kassi\\OneDrive\\Documentos\\My Personal\\branas-course\\kassio-commerce\\backend\\catalog\\src\\domain\\entities\\Product.ts","statementMap":{"0":{"start":{"line":1,"column":0},"end":{"line":1,"column":36}},"1":{"start":{"line":21,"column":8},"end":{"line":25,"column":null}},"2":{"start":{"line":22,"column":12},"end":{"line":22,"column":25}},"3":{"start":{"line":24,"column":12},"end":{"line":24,"column":31}},"4":{"start":{"line":26,"column":8},"end":{"line":26,"column":25}},"5":{"start":{"line":27,"column":8},"end":{"line":27,"column":27}},"6":{"start":{"line":28,"column":8},"end":{"line":28,"column":33}},"7":{"start":{"line":29,"column":8},"end":{"line":29,"column":27}},"8":{"start":{"line":30,"column":8},"end":{"line":30,"column":29}},"9":{"start":{"line":31,"column":8},"end":{"line":31,"column":27}},"10":{"start":{"line":32,"column":8},"end":{"line":32,"column":29}},"11":{"start":{"line":33,"column":8},"end":{"line":33,"column":52}},"12":{"start":{"line":37,"column":2},"end":{"line":37,"column":58}},"13":{"start":{"line":41,"column":8},"end":{"line":46,"column":null}},"14":{"start":{"line":50,"column":8},"end":{"line":50,"column":44}},"15":{"start":{"line":3,"column":0},"end":{"line":3,"column":21}}},"fnMap":{"0":{"name":"(anonymous_0)","decl":{"start":{"line":14,"column":4},"end":{"line":14,"column":16}},"loc":{"start":{"line":20,"column":9},"end":{"line":34,"column":5}}},"1":{"name":"(anonymous_1)","decl":{"start":{"line":36,"column":4},"end":{"line":36,"column":13}},"loc":{"start":{"line":36,"column":13},"end":{"line":38,"column":2}}},"2":{"name":"(anonymous_2)","decl":{"start":{"line":40,"column":4},"end":{"line":40,"column":17}},"loc":{"start":{"line":40,"column":17},"end":{"line":47,"column":5}}},"3":{"name":"(anonymous_3)","decl":{"start":{"line":49,"column":4},"end":{"line":49,"column":14}},"loc":{"start":{"line":49,"column":14},"end":{"line":51,"column":5}}}},"branchMap":{"0":{"loc":{"start":{"line":21,"column":8},"end":{"line":25,"column":null}},"type":"if","locations":[{"start":{"line":21,"column":8},"end":{"line":25,"column":null}},{"start":{"line":23,"column":15},"end":{"line":25,"column":null}}]},"1":{"loc":{"start":{"line":33,"column":24},"end":{"line":33,"column":51}},"type":"cond-expr","locations":[{"start":{"line":33,"column":35},"end":{"line":33,"column":43}},{"start":{"line":33,"column":46},"end":{"line":33,"column":51}}]}},"s":{"0":2,"1":3,"2":3,"3":0,"4":3,"5":3,"6":3,"7":3,"8":3,"9":3,"10":3,"11":3,"12":2,"13":0,"14":1,"15":2},"f":{"0":3,"1":2,"2":0,"3":1},"b":{"0":[3,0],"1":[0,3]}}
,"C:\\Users\\kassi\\OneDrive\\Documentos\\My Personal\\branas-course\\kassio-commerce\\backend\\catalog\\src\\infra\\data\\data.ts": {"path":"C:\\Users\\kassi\\OneDrive\\Documentos\\My Personal\\branas-course\\kassio-commerce\\backend\\catalog\\src\\infra\\data\\data.ts","statementMap":{"0":{"start":{"line":1,"column":0},"end":{"line":20,"column":null}}},"fnMap":{},"branchMap":{},"s":{"0":2},"f":{},"b":{}}
,"C:\\Users\\kassi\\OneDrive\\Documentos\\My Personal\\branas-course\\kassio-commerce\\backend\\catalog\\src\\infra\\repository\\productRepositoryFake.ts": {"path":"C:\\Users\\kassi\\OneDrive\\Documentos\\My Personal\\branas-course\\kassio-commerce\\backend\\catalog\\src\\infra\\repository\\productRepositoryFake.ts","statementMap":{"0":{"start":{"line":2,"column":0},"end":{"line":2,"column":32}},"1":{"start":{"line":3,"column":0},"end":{"line":3,"column":52}},"2":{"start":{"line":10,"column":23},"end":{"line":10,"column":77}},"3":{"start":{"line":10,"column":53},"end":{"line":10,"column":76}},"4":{"start":{"line":11,"column":8},"end":{"line":11,"column":24}},"5":{"start":{"line":15,"column":29},"end":{"line":15,"column":54}},"6":{"start":{"line":16,"column":8},"end":{"line":16,"column":38}},"7":{"start":{"line":20,"column":24},"end":{"line":20,"column":84}},"8":{"start":{"line":20,"column":60},"end":{"line":20,"column":83}},"9":{"start":{"line":21,"column":8},"end":{"line":23,"column":null}},"10":{"start":{"line":22,"column":12},"end":{"line":22,"column":62}},"11":{"start":{"line":24,"column":8},"end":{"line":24,"column":42}},"12":{"start":{"line":28,"column":8},"end":{"line":37,"column":11}},"13":{"start":{"line":41,"column":8},"end":{"line":51,"column":10}},"14":{"start":{"line":5,"column":0},"end":{"line":5,"column":21}}},"fnMap":{"0":{"name":"(anonymous_8)","decl":{"start":{"line":6,"column":4},"end":{"line":6,"column":null}},"loc":{"start":{"line":6,"column":4},"end":{"line":7,"column":5}}},"1":{"name":"(anonymous_9)","decl":{"start":{"line":9,"column":10},"end":{"line":9,"column":16}},"loc":{"start":{"line":9,"column":16},"end":{"line":12,"column":null}}},"2":{"name":"(anonymous_11)","decl":{"start":{"line":10,"column":45},"end":{"line":10,"column":49}},"loc":{"start":{"line":10,"column":53},"end":{"line":10,"column":76}}},"3":{"name":"(anonymous_12)","decl":{"start":{"line":14,"column":10},"end":{"line":14,"column":14}},"loc":{"start":{"line":14,"column":31},"end":{"line":17,"column":null}}},"4":{"name":"(anonymous_14)","decl":{"start":{"line":19,"column":10},"end":{"line":19,"column":13}},"loc":{"start":{"line":19,"column":31},"end":{"line":25,"column":null}}},"5":{"name":"(anonymous_16)","decl":{"start":{"line":20,"column":47},"end":{"line":20,"column":48}},"loc":{"start":{"line":20,"column":60},"end":{"line":20,"column":83}}},"6":{"name":"(anonymous_17)","decl":{"start":{"line":27,"column":12},"end":{"line":27,"column":24}},"loc":{"start":{"line":27,"column":37},"end":{"line":38,"column":5}}},"7":{"name":"(anonymous_18)","decl":{"start":{"line":40,"column":12},"end":{"line":40,"column":23}},"loc":{"start":{"line":40,"column":40},"end":{"line":52,"column":5}}}},"branchMap":{"0":{"loc":{"start":{"line":21,"column":8},"end":{"line":23,"column":null}},"type":"if","locations":[{"start":{"line":21,"column":8},"end":{"line":23,"column":null}}]}},"s":{"0":2,"1":2,"2":0,"3":0,"4":0,"5":0,"6":0,"7":1,"8":1,"9":1,"10":0,"11":1,"12":1,"13":0,"14":2},"f":{"0":2,"1":0,"2":0,"3":0,"4":1,"5":1,"6":1,"7":0},"b":{"0":[0]}}
}
