TN:
SF:src\application\usecase\GetProduct.ts
FN:6,(anonymous_7)
FN:9,(anonymous_8)
FNF:2
FNH:2
FNDA:1,(anonymous_7)
FNDA:1,(anonymous_8)
DA:4,1
DA:6,1
DA:10,1
DA:11,1
DA:16,1
LF:5
LH:5
BRF:0
BRH:0
end_of_record
TN:
SF:src\application\usecase\GetProductsCatalog.ts
FN:6,(anonymous_7)
FN:8,(anonymous_8)
FN:12,(anonymous_10)
FNF:3
FNH:3
FNDA:1,(anonymous_7)
FNDA:1,(anonymous_8)
FNDA:2,(anonymous_10)
DA:4,1
DA:6,1
DA:9,1
DA:10,1
DA:12,1
DA:13,2
DA:20,1
LF:7
LH:7
BRF:0
BRH:0
end_of_record
TN:
SF:src\domain\entities\Product.ts
FN:14,(anonymous_0)
FN:36,(anonymous_1)
FN:40,(anonymous_2)
FN:49,(anonymous_3)
FNF:4
FNH:3
FNDA:3,(anonymous_0)
FNDA:2,(anonymous_1)
FNDA:0,(anonymous_2)
FNDA:1,(anonymous_3)
DA:1,2
DA:3,2
DA:21,3
DA:22,3
DA:24,0
DA:26,3
DA:27,3
DA:28,3
DA:29,3
DA:30,3
DA:31,3
DA:32,3
DA:33,3
DA:37,2
DA:41,0
DA:50,1
LF:16
LH:14
BRDA:21,0,0,3
BRDA:21,0,1,0
BRDA:33,1,0,0
BRDA:33,1,1,3
BRF:4
BRH:2
end_of_record
TN:
SF:src\infra\data\data.ts
FNF:0
FNH:0
DA:1,2
LF:1
LH:1
BRF:0
BRH:0
end_of_record
TN:
SF:src\infra\repository\productRepositoryFake.ts
FN:6,(anonymous_8)
FN:9,(anonymous_9)
FN:10,(anonymous_11)
FN:14,(anonymous_12)
FN:19,(anonymous_14)
FN:20,(anonymous_16)
FN:27,(anonymous_17)
FN:40,(anonymous_18)
FNF:8
FNH:4
FNDA:2,(anonymous_8)
FNDA:0,(anonymous_9)
FNDA:0,(anonymous_11)
FNDA:0,(anonymous_12)
FNDA:1,(anonymous_14)
FNDA:1,(anonymous_16)
FNDA:1,(anonymous_17)
FNDA:0,(anonymous_18)
DA:2,2
DA:3,2
DA:5,2
DA:10,0
DA:11,0
DA:15,0
DA:16,0
DA:20,1
DA:21,1
DA:22,0
DA:24,1
DA:28,1
DA:41,0
LF:13
LH:7
BRDA:21,0,0,0
BRF:1
BRH:0
end_of_record
